生成启动时间为 2020/9/20 17:06:52。
     1>项目“C:\Users\Jonye\Desktop\interview_test\剑指\剑指.vcxproj”在节点 2 上(Build 个目标)。
     1>ClCompile:
         D:\VS\VC\bin\x86_amd64\CL.exe /c /Zi /nologo /W3 /WX- /sdl /O2 /Oi /GL /D NDEBUG /D _CONSOLE /D _UNICODE /D UNICODE /Gm- /EHsc /MD /GS /Gy /fp:precise /Zc:wchar_t /Zc:forScope /Zc:inline /Fo"x64\Release\\" /Fd"x64\Release\vc140.pdb" /Gd /TP /errorReport:prompt 3_2.cpp
         3_2.cpp
     1>3_2.cpp(17): warning C4554: “>>”: 检查运算符优先级可能存在的错误；使用圆括号阐明优先级
       Link:
         D:\VS\VC\bin\x86_amd64\link.exe /ERRORREPORT:PROMPT /OUT:"C:\Users\Jonye\Desktop\interview_test\x64\Release\剑指.exe" /INCREMENTAL:NO /NOLOGO kernel32.lib user32.lib gdi32.lib winspool.lib comdlg32.lib advapi32.lib shell32.lib ole32.lib oleaut32.lib uuid.lib odbc32.lib odbccp32.lib /MANIFEST /MANIFESTUAC:"level='asInvoker' uiAccess='false'" /manifest:embed /Debug /PDB:"C:\Users\Jonye\Desktop\interview_test\x64\Release\剑指.pdb" /SUBSYSTEM:CONSOLE /OPT:REF /OPT:ICF /LTCG:incremental /TLBID:1 /DYNAMICBASE /NXCOMPAT /IMPLIB:"C:\Users\Jonye\Desktop\interview_test\x64\Release\剑指.lib" /MACHINE:X64 x64\Release\3_1.obj
         x64\Release\33.obj
         x64\Release\3_2.obj
         x64\Release\56_1.obj
         x64\Release\56_2.obj
         正在生成代码
         2 of 45 functions ( 4.4%) were compiled, the rest were copied from previous compilation.
           1 functions were new in current compilation
           0 functions had inline decision re-evaluated but remain unchanged
         已完成代码的生成
         剑指.vcxproj -> C:\Users\Jonye\Desktop\interview_test\x64\Release\剑指.exe
     1>已完成生成项目“C:\Users\Jonye\Desktop\interview_test\剑指\剑指.vcxproj”(Build 个目标)的操作。

已成功生成。

已用时间 00:00:01.90
