生成启动时间为 2020/10/4 19:26:36。
     1>项目“C:\Users\Jonye\Desktop\Interview\剑指\剑指.vcxproj”在节点 2 上(Build 个目标)。
     1>C:\Program Files (x86)\MSBuild\Microsoft.Cpp\v4.0\V140\Microsoft.CppBuild.targets(392,5): warning MSB8028: The intermediate directory (x64\Debug\) contains files shared from another project (剑指.vcxproj).  This can lead to incorrect clean and rebuild behavior.
     1>ClCompile:
         D:\VS\VC\bin\x86_amd64\CL.exe /c /ZI /nologo /W3 /WX- /sdl /Od /D _DEBUG /D _CONSOLE /D _UNICODE /D UNICODE /Gm /EHsc /RTC1 /MDd /GS /fp:precise /Zc:wchar_t /Zc:forScope /Zc:inline /Fo"x64\Debug\\" /Fd"x64\Debug\vc140.pdb" /Gd /TP /errorReport:prompt 3_1.cpp 33.cpp 3_2.cpp 4.cpp 5.cpp 56_1.cpp 56_2.cpp 6.cpp "源.cpp"
         源.cpp
         6.cpp
         56_2.cpp
         56_1.cpp
         5.cpp
         4.cpp
         3_2.cpp
     1>c:\users\jonye\desktop\interview\剑指\3_2.cpp(17): warning C4554: “>>”: 检查运算符优先级可能存在的错误；使用圆括号阐明优先级
         33.cpp
         3_1.cpp
         正在生成代码...
       Link:
         D:\VS\VC\bin\x86_amd64\link.exe /ERRORREPORT:PROMPT /OUT:"C:\Users\Jonye\Desktop\Interview\x64\Debug\2、剑指.exe" /INCREMENTAL /NOLOGO kernel32.lib user32.lib gdi32.lib winspool.lib comdlg32.lib advapi32.lib shell32.lib ole32.lib oleaut32.lib uuid.lib odbc32.lib odbccp32.lib /MANIFEST /MANIFESTUAC:"level='asInvoker' uiAccess='false'" /manifest:embed /Debug /PDB:"C:\Users\Jonye\Desktop\Interview\x64\Debug\2、剑指.pdb" /SUBSYSTEM:CONSOLE /TLBID:1 /DYNAMICBASE /NXCOMPAT /IMPLIB:"C:\Users\Jonye\Desktop\Interview\x64\Debug\2、剑指.lib" /MACHINE:X64 x64\Debug\3_1.obj
         x64\Debug\33.obj
         x64\Debug\3_2.obj
         x64\Debug\4.obj
         x64\Debug\5.obj
         x64\Debug\56_1.obj
         x64\Debug\56_2.obj
         x64\Debug\6.obj
         "x64\Debug\源.obj"
         剑指.vcxproj -> C:\Users\Jonye\Desktop\Interview\x64\Debug\2、剑指.exe
     1>已完成生成项目“C:\Users\Jonye\Desktop\Interview\剑指\剑指.vcxproj”(Build 个目标)的操作。

已成功生成。

已用时间 00:00:01.76
