生成启动时间为 2020/9/19 22:24:47。
     1>项目“C:\Users\Jonye\Desktop\interview_test\C++基本测试\C++基本测试.vcxproj”在节点 2 上(Build 个目标)。
     1>ClCompile:
         D:\VS\VC\bin\x86_amd64\CL.exe /c /Zi /nologo /W3 /WX- /sdl /O2 /Oi /GL /D NDEBUG /D _CONSOLE /D _UNICODE /D UNICODE /Gm- /EHsc /MD /GS /Gy /fp:precise /Zc:wchar_t /Zc:forScope /Zc:inline /Fo"x64\Release\\" /Fd"x64\Release\vc140.pdb" /Gd /TP /errorReport:prompt "time头文件测试.cpp"
         time头文件测试.cpp
       Link:
         D:\VS\VC\bin\x86_amd64\link.exe /ERRORREPORT:PROMPT /OUT:"C:\Users\Jonye\Desktop\interview_test\x64\Release\C++基本测试.exe" /INCREMENTAL:NO /NOLOGO kernel32.lib user32.lib gdi32.lib winspool.lib comdlg32.lib advapi32.lib shell32.lib ole32.lib oleaut32.lib uuid.lib odbc32.lib odbccp32.lib /MANIFEST /MANIFESTUAC:"level='asInvoker' uiAccess='false'" /manifest:embed /Debug /PDB:"C:\Users\Jonye\Desktop\interview_test\x64\Release\C++基本测试.pdb" /SUBSYSTEM:CONSOLE /OPT:REF /OPT:ICF /LTCG:incremental /TLBID:1 /DYNAMICBASE /NXCOMPAT /IMPLIB:"C:\Users\Jonye\Desktop\interview_test\x64\Release\C++基本测试.lib" /MACHINE:X64 x64\Release\sizeof.obj
         "x64\Release\time头文件测试.obj"
         "x64\Release\二维向量初始化.obj"
         "x64\Release\截取字符串函数substr().obj"
         "x64\Release\结构体内存对齐.obj"
         正在生成代码
         1 of 12 functions ( 8.3%) were compiled, the rest were copied from previous compilation.
           0 functions were new in current compilation
           0 functions had inline decision re-evaluated but remain unchanged
         已完成代码的生成
         C++基本测试.vcxproj -> C:\Users\Jonye\Desktop\interview_test\x64\Release\C++基本测试.exe
     1>已完成生成项目“C:\Users\Jonye\Desktop\interview_test\C++基本测试\C++基本测试.vcxproj”(Build 个目标)的操作。

已成功生成。

已用时间 00:00:01.17
